[debug] [2022-11-01T11:38:11.897Z] ----------------------------------------------------------------------
[debug] [2022-11-01T11:38:11.906Z] Command:       C:\Program Files\nodejs\node.exe C:\Users\ARGON\AppData\Roaming\npm\node_modules\firebase-tools\lib\bin\firebase.js init firestore
[debug] [2022-11-01T11:38:11.909Z] CLI Version:   11.15.0
[debug] [2022-11-01T11:38:11.910Z] Platform:      win32
[debug] [2022-11-01T11:38:11.911Z] Node Version:  v16.4.0
[debug] [2022-11-01T11:38:11.915Z] Time:          Tue Nov 01 2022 13:38:11 GMT+0200 (Eastern European Standard Time)
[debug] [2022-11-01T11:38:11.917Z] ----------------------------------------------------------------------
[debug] 
[debug] [2022-11-01T11:38:11.961Z] > command requires scopes: ["email","openid","https://www.googleapis.com/auth/cloudplatformprojects.readonly","https://www.googleapis.com/auth/firebase","https://www.googleapis.com/auth/cloud-platform"]
[debug] [2022-11-01T11:38:11.962Z] > authorizing via signed-in user (mmas083474@gmail.com)
[info] 
     ######## #### ########  ######## ########     ###     ######  ########
     ##        ##  ##     ## ##       ##     ##  ##   ##  ##       ##
     ######    ##  ########  ######   ########  #########  ######  ######
     ##        ##  ##    ##  ##       ##     ## ##     ##       ## ##
     ##       #### ##     ## ######## ########  ##     ##  ######  ########

You're about to initialize a Firebase project in this directory:

  F:\Messenger_1\firestore

[info] 
=== Project Setup
[info] 
[info] First, let's associate this project directory with a Firebase project.
[info] You can create multiple project aliases by running firebase use --add, 
[info] but for now we'll just set up a default project.
[info] 
[debug] [2022-11-01T11:38:17.253Z] >>> [apiv2][query] GET https://firebase.googleapis.com/v1beta1/projects pageSize=100
[debug] [2022-11-01T11:38:17.929Z] <<< [apiv2][status] GET https://firebase.googleapis.com/v1beta1/projects 200
[debug] [2022-11-01T11:38:17.930Z] <<< [apiv2][body] GET https://firebase.googleapis.com/v1beta1/projects [omitted]
[info] i  Using project messenger-app-e3360 (Messenger App) 
[info] 
=== Firestore Setup
[debug] [2022-11-01T11:38:24.575Z] >>> [apiv2][query] GET https://serviceusage.googleapis.com/v1/projects/messenger-app-e3360/services/firestore.googleapis.com [none]
[debug] [2022-11-01T11:38:24.575Z] >>> [apiv2][(partial)header] GET https://serviceusage.googleapis.com/v1/projects/messenger-app-e3360/services/firestore.googleapis.com x-goog-quota-user=projects/messenger-app-e3360
[debug] [2022-11-01T11:38:25.615Z] <<< [apiv2][status] GET https://serviceusage.googleapis.com/v1/projects/messenger-app-e3360/services/firestore.googleapis.com 200
[debug] [2022-11-01T11:38:25.615Z] <<< [apiv2][body] GET https://serviceusage.googleapis.com/v1/projects/messenger-app-e3360/services/firestore.googleapis.com [omitted]
[debug] [2022-11-01T11:38:25.616Z] >>> [apiv2][query] GET https://appengine.googleapis.com/v1/apps/messenger-app-e3360 [none]
[debug] [2022-11-01T11:38:26.061Z] <<< [apiv2][status] GET https://appengine.googleapis.com/v1/apps/messenger-app-e3360 200
[debug] [2022-11-01T11:38:26.062Z] <<< [apiv2][body] GET https://appengine.googleapis.com/v1/apps/messenger-app-e3360 {"name":"apps/messenger-app-e3360","id":"messenger-app-e3360","authDomain":"gmail.com","locationId":"us-central","codeBucket":"staging.messenger-app-e3360.appspot.com","servingStatus":"SERVING","defaultHostname":"messenger-app-e3360.uc.r.appspot.com","defaultBucket":"messenger-app-e3360.appspot.com","serviceAccount":"messenger-app-e3360@appspot.gserviceaccount.com","gcrDomain":"us.gcr.io","databaseType":"CLOUD_FIRESTORE","featureSettings":{"splitHealthChecks":true,"useContainerOptimizedOs":true}}
[debug] [2022-11-01T11:38:26.063Z] database_type: CLOUD_FIRESTORE
[debug] [2022-11-01T11:38:26.064Z] > command requires scopes: ["email","openid","https://www.googleapis.com/auth/cloudplatformprojects.readonly","https://www.googleapis.com/auth/firebase","https://www.googleapis.com/auth/cloud-platform"]
[debug] [2022-11-01T11:38:26.065Z] > authorizing via signed-in user (mmas083474@gmail.com)
[debug] [2022-11-01T11:38:26.065Z] [iam] checking project messenger-app-e3360 for permissions ["firebase.projects.get"]
[debug] [2022-11-01T11:38:26.067Z] >>> [apiv2][query] POST https://cloudresourcemanager.googleapis.com/v1/projects/messenger-app-e3360:testIamPermissions [none]
[debug] [2022-11-01T11:38:26.067Z] >>> [apiv2][(partial)header] POST https://cloudresourcemanager.googleapis.com/v1/projects/messenger-app-e3360:testIamPermissions x-goog-quota-user=projects/messenger-app-e3360
[debug] [2022-11-01T11:38:26.067Z] >>> [apiv2][body] POST https://cloudresourcemanager.googleapis.com/v1/projects/messenger-app-e3360:testIamPermissions {"permissions":["firebase.projects.get"]}
[debug] [2022-11-01T11:38:26.921Z] <<< [apiv2][status] POST https://cloudresourcemanager.googleapis.com/v1/projects/messenger-app-e3360:testIamPermissions 200
[debug] [2022-11-01T11:38:26.921Z] <<< [apiv2][body] POST https://cloudresourcemanager.googleapis.com/v1/projects/messenger-app-e3360:testIamPermissions {"permissions":["firebase.projects.get"]}
[info] 
[info] Firestore Security Rules allow you to define how and when to allow
[info] requests. You can keep these rules in your project directory
[info] and publish them with firebase deploy.
[info] 
